[12-May-2020 13:38:54] INFO [MediumScrapperApp.utils:66] Error while scrapping url: https://medium.com/polyrithm/vuex-with-typescript-9db678e10d74 ---- Expecting value: line 1 column 1 (char 0) ---- 62
[12-May-2020 13:38:55] INFO [MediumScrapperApp.utils:66] Error while scrapping url: https://medium.com/javascript-in-plain-english/4-useful-javascript-shorthands-you-can-use-in-react-js-ca9d2600bf3f ---- Expecting value: line 1 column 1 (char 0) ---- 62
[12-May-2020 13:38:56] INFO [MediumScrapperApp.utils:66] Error while scrapping url: https://medium.com/@areeshatariq02/get-a-remote-and-paid-internship-my-outreachy-experience-482a6cfc0564 ---- Expecting value: line 1 column 1 (char 0) ---- 62
[12-May-2020 13:38:57] INFO [MediumScrapperApp.utils:66] Error while scrapping url: https://medium.com/swlh/9-javascript-tricks-to-code-like-a-pro-d09ea534235 ---- Expecting value: line 1 column 1 (char 0) ---- 62
[12-May-2020 13:38:58] INFO [MediumScrapperApp.utils:66] Error while scrapping url: https://medium.com/@arpitfalcon1/how-to-setup-sublime-text-for-c-competitive-coding-665ea495aeb5 ---- Expecting value: line 1 column 1 (char 0) ---- 62
[12-May-2020 13:38:58] INFO [MediumScrapperApp.utils:66] Error while scrapping url: https://medium.com/javascript-in-plain-english/mastering-js-console-log-like-a-pro-1c634e6393f9 ---- Expecting value: line 1 column 1 (char 0) ---- 62
[12-May-2020 13:38:59] INFO [MediumScrapperApp.utils:66] Error while scrapping url: https://medium.com/@N0v0cain3/gravitating-javascript-5bda917fa884 ---- Expecting value: line 1 column 1 (char 0) ---- 62
[12-May-2020 13:39:00] INFO [MediumScrapperApp.utils:66] Error while scrapping url: https://medium.com/javarevisited/20-algorithms-coding-problems-to-crack-you-next-technical-interviews-23191f229788 ---- Expecting value: line 1 column 1 (char 0) ---- 62
[12-May-2020 13:39:01] INFO [MediumScrapperApp.utils:66] Error while scrapping url: https://medium.com/@amishaas/should-you-learn-this-programming-language-first-lets-c-e134a92259b ---- Expecting value: line 1 column 1 (char 0) ---- 62
[12-May-2020 13:39:02] INFO [MediumScrapperApp.utils:66] Error while scrapping url: https://medium.com/better-programming/how-i-stopped-learning-to-code-and-started-e32614bccfd8 ---- Expecting value: line 1 column 1 (char 0) ---- 62
[12-May-2020 13:39:46] INFO [MediumScrapperApp.utils:67] Error while scrapping url: https://medium.com/polyrithm/vuex-with-typescript-9db678e10d74 ---- Expecting value: line 1 column 1 (char 0) ---- 63
[12-May-2020 13:39:46] INFO [MediumScrapperApp.utils:67] Error while scrapping url: https://medium.com/javascript-in-plain-english/4-useful-javascript-shorthands-you-can-use-in-react-js-ca9d2600bf3f ---- Expecting value: line 1 column 1 (char 0) ---- 63
[12-May-2020 13:39:47] INFO [MediumScrapperApp.utils:67] Error while scrapping url: https://medium.com/@areeshatariq02/get-a-remote-and-paid-internship-my-outreachy-experience-482a6cfc0564 ---- Expecting value: line 1 column 1 (char 0) ---- 63
[12-May-2020 13:39:48] INFO [MediumScrapperApp.utils:67] Error while scrapping url: https://medium.com/swlh/9-javascript-tricks-to-code-like-a-pro-d09ea534235 ---- Expecting value: line 1 column 1 (char 0) ---- 63
[12-May-2020 13:39:49] INFO [MediumScrapperApp.utils:67] Error while scrapping url: https://medium.com/@arpitfalcon1/how-to-setup-sublime-text-for-c-competitive-coding-665ea495aeb5 ---- Expecting value: line 1 column 1 (char 0) ---- 63
[12-May-2020 13:39:50] INFO [MediumScrapperApp.utils:67] Error while scrapping url: https://medium.com/javascript-in-plain-english/mastering-js-console-log-like-a-pro-1c634e6393f9 ---- Expecting value: line 1 column 1 (char 0) ---- 63
[12-May-2020 13:39:51] INFO [MediumScrapperApp.utils:67] Error while scrapping url: https://medium.com/@N0v0cain3/gravitating-javascript-5bda917fa884 ---- Expecting value: line 1 column 1 (char 0) ---- 63
[12-May-2020 13:39:51] INFO [MediumScrapperApp.utils:67] Error while scrapping url: https://medium.com/javarevisited/20-algorithms-coding-problems-to-crack-you-next-technical-interviews-23191f229788 ---- Expecting value: line 1 column 1 (char 0) ---- 63
[12-May-2020 13:39:52] INFO [MediumScrapperApp.utils:67] Error while scrapping url: https://medium.com/@amishaas/should-you-learn-this-programming-language-first-lets-c-e134a92259b ---- Expecting value: line 1 column 1 (char 0) ---- 63
[12-May-2020 13:39:53] INFO [MediumScrapperApp.utils:67] Error while scrapping url: https://medium.com/better-programming/how-i-stopped-learning-to-code-and-started-e32614bccfd8 ---- Expecting value: line 1 column 1 (char 0) ---- 63
